#
# There is insufficient memory for the Java Runtime Environment to continue.
# Native memory allocation (mmap) failed to map 65011712 bytes for G1 virtual space
# Possible reasons:
#   The system is out of physical RAM or swap space
#   The process is running with CompressedOops enabled, and the Java Heap may be blocking the growth of the native heap
# Possible solutions:
#   Reduce memory load on the system
#   Increase physical memory or swap space
#   Check if swap backing store is full
#   Decrease Java heap size (-Xmx/-Xms)
#   Decrease number of Java threads
#   Decrease Java thread stack sizes (-Xss)
#   Set larger code cache with -XX:ReservedCodeCacheSize=
#   JVM is running with Unscaled Compressed Oops mode in which the Java heap is
#     placed in the first 4GB address space. The Java Heap base address is the
#     maximum limit for the native heap growth. Please use -XX:HeapBaseMinAddress
#     to set the Java Heap base and to place the Java Heap above 4GB virtual address.
# This output file may be truncated or incomplete.
#
#  Out of Memory Error (os_windows.cpp:3532), pid=1328, tid=7264
#
# JRE version:  (17.0.2+8) (build )
# Java VM: Java HotSpot(TM) 64-Bit Server VM (17.0.2+8-LTS-86, mixed mode, sharing, tiered, compressed oops, compressed class ptrs, g1 gc, windows-amd64)
# No core dump will be written. Minidumps are not enabled by default on client versions of Windows
#

---------------  S U M M A R Y ------------

Command Line: -javaagent:C:\Program Files\JetBrains\IntelliJ IDEA 2021.3.2\lib\idea_rt.jar=64480:C:\Program Files\JetBrains\IntelliJ IDEA 2021.3.2\bin -Dfile.encoding=UTF-8 studentdatabaseapp.StudentDatabaseApp

Host: Intel(R) Core(TM) m3-8100Y CPU @ 1.10GHz, 4 cores, 3G,  Windows 11 , 64 bit Build 22000 (10.0.22000.434)
Time: Tue Mar 15 21:31:33 2022 Central Daylight Time elapsed time: 0.025863 seconds (0d 0h 0m 0s)

---------------  T H R E A D  ---------------

Current thread (0x000001d9f477c050):  JavaThread "Unknown thread" [_thread_in_vm, id=7264, stack(0x0000009a87300000,0x0000009a87400000)]

Stack: [0x0000009a87300000,0x0000009a87400000]
Native frames: (J=compiled Java code, j=interpreted, Vv=VM code, C=native code)
V  [jvm.dll+0x670baa]
V  [jvm.dll+0x7cfcb4]
V  [jvm.dll+0x7d145e]
V  [jvm.dll+0x7d1ac3]
V  [jvm.dll+0x242bc5]
V  [jvm.dll+0x66dac9]
V  [jvm.dll+0x662412]
V  [jvm.dll+0x300c0b]
V  [jvm.dll+0x3081a6]
V  [jvm.dll+0x357d0e]
V  [jvm.dll+0x357f3f]
V  [jvm.dll+0x2d7ec8]
V  [jvm.dll+0x2d8e34]
V  [jvm.dll+0x7a18c1]
V  [jvm.dll+0x365a91]
V  [jvm.dll+0x780d2c]
V  [jvm.dll+0x3e845f]
V  [jvm.dll+0x3e9f01]
C  [jli.dll+0x527b]
C  [ucrtbase.dll+0x26c0c]
C  [KERNEL32.DLL+0x154e0]
C  [ntdll.dll+0x485b]


---------------  P R O C E S S  ---------------

Threads class SMR info:
_java_thread_list=0x00007fffa0339858, length=0, elements={
}

Java Threads: ( => current thread )

Other Threads:
  0x000001d9f47a97a0 GCTaskThread "GC Thread#0" [stack: 0x0000009a87400000,0x0000009a87500000] [id=9948]
  0x000001d9f47b38c0 ConcurrentGCThread "G1 Main Marker" [stack: 0x0000009a87500000,0x0000009a87600000] [id=7976]
  0x000001d9f47b4a70 ConcurrentGCThread "G1 Conc#0" [stack: 0x0000009a87600000,0x0000009a87700000] [id=10356]

[error occurred during error reporting (printing all threads), id 0xc0000005, EXCEPTION_ACCESS_VIOLATION (0xc0000005) at pc=0x00007fff9fb888a7]

VM state: not at safepoint (not fully initialized)

VM Mutex/Monitor currently owned by a thread:  ([mutex/lock_event])
[0x000001d9f4777ca0] Heap_lock - owner thread: 0x000001d9f477c050

Heap address: 0x00000000c2200000, size: 990 MB, Compressed Oops mode: 32-bit

CDS archive(s) mapped at: [0x0000000000000000-0x0000000000000000-0x0000000000000000), size 0, SharedBaseAddress: 0x0000000800000000, ArchiveRelocationMode: 0.
Narrow klass base: 0x0000000000000000, Narrow klass shift: 0, Narrow klass range: 0x0

GC Precious Log:
<Empty>

Heap:
 garbage-first heap   total 0K, used 0K [0x00000000c2200000, 0x0000000100000000)
  region size 1024K, 0 young (0K), 0 survivors (0K)

[error occurred during error reporting (printing heap information), id 0xc0000005, EXCEPTION_ACCESS_VIOLATION (0xc0000005) at pc=0x00007fff9ff69f19]

GC Heap History (0 events):
No events

Deoptimization events (0 events):
No events

Classes unloaded (0 events):
No events

Classes redefined (0 events):
No events

Internal exceptions (0 events):
No events

VM Operations (0 events):
No events

Events (1 events):
Event: 0.018 Loaded shared library C:\Program Files\Java\jdk-17.0.2\bin\java.dll


Dynamic libraries:
0x00007ff694c50000 - 0x00007ff694c60000 	C:\Program Files\Java\jdk-17.0.2\bin\java.exe
0x00007fffd1b20000 - 0x00007fffd1d29000 	C:\WINDOWS\SYSTEM32\ntdll.dll
0x00007fffd0ba0000 - 0x00007fffd0c5d000 	C:\WINDOWS\System32\KERNEL32.DLL
0x00007fffcf010000 - 0x00007fffcf384000 	C:\WINDOWS\System32\KERNELBASE.dll
0x00007fffcf710000 - 0x00007fffcf821000 	C:\WINDOWS\System32\ucrtbase.dll
0x00007fffc50a0000 - 0x00007fffc50b8000 	C:\Program Files\Java\jdk-17.0.2\bin\jli.dll
0x00007fffcfb40000 - 0x00007fffcfbee000 	C:\WINDOWS\System32\ADVAPI32.dll
0x00007fffd0af0000 - 0x00007fffd0b93000 	C:\WINDOWS\System32\msvcrt.dll
0x00007fffd0c60000 - 0x00007fffd0cfe000 	C:\WINDOWS\System32\sechost.dll
0x00007fffcfcd0000 - 0x00007fffcfdf0000 	C:\WINDOWS\System32\RPCRT4.dll
0x00007fffd1750000 - 0x00007fffd18fc000 	C:\WINDOWS\System32\USER32.dll
0x00007fffcf620000 - 0x00007fffcf646000 	C:\WINDOWS\System32\win32u.dll
0x00007fffd05a0000 - 0x00007fffd05c9000 	C:\WINDOWS\System32\GDI32.dll
0x00007fffcf830000 - 0x00007fffcf942000 	C:\WINDOWS\System32\gdi32full.dll
0x00007fffcf390000 - 0x00007fffcf42d000 	C:\WINDOWS\System32\msvcp_win.dll
0x00007fffbed80000 - 0x00007fffbf025000 	C:\WINDOWS\WinSxS\amd64_microsoft.windows.common-controls_6595b64144ccf1df_6.0.22000.120_none_9d947278b86cc467\COMCTL32.dll
0x00007fffc45c0000 - 0x00007fffc45ca000 	C:\WINDOWS\SYSTEM32\VERSION.dll
0x00007fffc7370000 - 0x00007fffc738a000 	C:\Program Files\Java\jdk-17.0.2\bin\VCRUNTIME140.dll
0x00007fffd1170000 - 0x00007fffd11a1000 	C:\WINDOWS\System32\IMM32.DLL
0x00007fffc5090000 - 0x00007fffc509c000 	C:\Program Files\Java\jdk-17.0.2\bin\vcruntime140_1.dll
0x00007fffc12f0000 - 0x00007fffc137d000 	C:\Program Files\Java\jdk-17.0.2\bin\msvcp140.dll
0x00007fff9f8a0000 - 0x00007fffa0461000 	C:\Program Files\Java\jdk-17.0.2\bin\server\jvm.dll
0x00007fffd1900000 - 0x00007fffd1908000 	C:\WINDOWS\System32\PSAPI.DLL
0x00007fffa6f50000 - 0x00007fffa6f59000 	C:\WINDOWS\SYSTEM32\WSOCK32.dll
0x00007fffc6c40000 - 0x00007fffc6c73000 	C:\WINDOWS\SYSTEM32\WINMM.dll
0x00007fffcf9c0000 - 0x00007fffcfa2f000 	C:\WINDOWS\System32\WS2_32.dll
0x00007fffce110000 - 0x00007fffce128000 	C:\WINDOWS\SYSTEM32\kernel.appcore.dll
0x00007fffc5080000 - 0x00007fffc508a000 	C:\Program Files\Java\jdk-17.0.2\bin\jimage.dll
0x00007fffc9ad0000 - 0x00007fffc9cf1000 	C:\WINDOWS\SYSTEM32\DBGHELP.DLL
0x00007fffc4e40000 - 0x00007fffc4e71000 	C:\WINDOWS\SYSTEM32\dbgcore.DLL
0x00007fffcf430000 - 0x00007fffcf4af000 	C:\WINDOWS\System32\bcryptPrimitives.dll
0x00007fffc5030000 - 0x00007fffc503e000 	C:\Program Files\Java\jdk-17.0.2\bin\instrument.dll
0x00007fffc5050000 - 0x00007fffc5075000 	C:\Program Files\Java\jdk-17.0.2\bin\java.dll

dbghelp: loaded successfully - version: 4.0.5 - missing functions: none
symbol engine: initialized successfully - sym options: 0x614 - pdb path: .;C:\Program Files\Java\jdk-17.0.2\bin;C:\WINDOWS\SYSTEM32;C:\WINDOWS\WinSxS\amd64_microsoft.windows.common-controls_6595b64144ccf1df_6.0.22000.120_none_9d947278b86cc467;C:\Program Files\Java\jdk-17.0.2\bin\server

VM Arguments:
jvm_args: -javaagent:C:\Program Files\JetBrains\IntelliJ IDEA 2021.3.2\lib\idea_rt.jar=64480:C:\Program Files\JetBrains\IntelliJ IDEA 2021.3.2\bin -Dfile.encoding=UTF-8 
java_command: studentdatabaseapp.StudentDatabaseApp
java_class_path (initial): C:\Users\haril\IdeaProjects\Student Database Application\out\production\Student Database Application
Launcher Type: SUN_STANDARD

[Global flags]
     intx CICompilerCount                          = 3                                         {product} {ergonomic}
     uint ConcGCThreads                            = 1                                         {product} {ergonomic}
     uint G1ConcRefinementThreads                  = 4                                         {product} {ergonomic}
   size_t G1HeapRegionSize                         = 1048576                                   {product} {ergonomic}
    uintx GCDrainStackTargetSize                   = 64                                        {product} {ergonomic}
   size_t InitialHeapSize                          = 65011712                                  {product} {ergonomic}
   size_t MarkStackSize                            = 4194304                                   {product} {ergonomic}
   size_t MaxHeapSize                              = 1038090240                                {product} {ergonomic}
   size_t MinHeapDeltaBytes                        = 1048576                                   {product} {ergonomic}
   size_t MinHeapSize                              = 8388608                                   {product} {ergonomic}
    uintx NonNMethodCodeHeapSize                   = 5832780                                {pd product} {ergonomic}
    uintx NonProfiledCodeHeapSize                  = 122912730                              {pd product} {ergonomic}
    uintx ProfiledCodeHeapSize                     = 122912730                              {pd product} {ergonomic}
    uintx ReservedCodeCacheSize                    = 251658240                              {pd product} {ergonomic}
     bool SegmentedCodeCache                       = true                                      {product} {ergonomic}
   size_t SoftMaxHeapSize                          = 1038090240                             {manageable} {ergonomic}
     bool UseCompressedClassPointers               = true                           {product lp64_product} {ergonomic}
     bool UseCompressedOops                        = true                           {product lp64_product} {ergonomic}
     bool UseG1GC                                  = true                                      {product} {ergonomic}
     bool UseLargePagesIndividualAllocation        = false                                  {pd product} {ergonomic}

Logging:
Log output configuration:
 #0: stdout all=warning uptime,level,tags
 #1: stderr all=off uptime,level,tags

Environment Variables:
PATH=C:\Program Files\Common Files\Oracle\Java\javapath;C:\WINDOWS\system32;C:\WINDOWS;C:\WINDOWS\System32\Wbem;C:\WINDOWS\System32\WindowsPowerShell\v1.0\;C:\WINDOWS\System32\OpenSSH\;C:\Program Files\Git\cmd;C:\Users\haril\AppData\Local\Microsoft\WindowsApps;C:\Users\haril\AppData\Local\GitHubDesktop\bin;C:\Program Files\JetBrains\PyCharm Community Edition 2021.2\bin;;C:\Users\haril\AppData\Local\Programs\Microsoft VS Code\bin;
USERNAME=haril
OS=Windows_NT
PROCESSOR_IDENTIFIER=Intel64 Family 6 Model 142 Stepping 9, GenuineIntel



---------------  S Y S T E M  ---------------

OS:
 Windows 11 , 64 bit Build 22000 (10.0.22000.434)
OS uptime: 0 days 6:24 hours

CPU: total 4 (initial active 4) (2 cores per cpu, 2 threads per core) family 6 model 142 stepping 9 microcode 0xde, cx8, cmov, fxsr, ht, mmx, 3dnowpref, sse, sse2, sse3, ssse3, sse4.1, sse4.2, popcnt, lzcnt, tsc, tscinvbit, avx, avx2, aes, erms, clmul, bmi1, bmi2, adx, fma, vzeroupper, clflush, clflushopt

Memory: 4k page, system-wide physical 3955M (829M free)
TotalPageFile size 6040M (AvailPageFile size 31M)
current process WorkingSet (physical memory assigned to process): 10M, peak: 10M
current process commit charge ("private bytes"): 51M, peak: 113M

vm_info: Java HotSpot(TM) 64-Bit Server VM (17.0.2+8-LTS-86) for windows-amd64 JRE (17.0.2+8-LTS-86), built on Dec  7 2021 21:51:03 by "mach5one" with MS VC++ 16.8 / 16.9 (VS2019)

END.
