#
# There is insufficient memory for the Java Runtime Environment to continue.
# Native memory allocation (mmap) failed to map 65536 bytes for Failed to commit metaspace.
# Possible reasons:
#   The system is out of physical RAM or swap space
#   The process is running with CompressedOops enabled, and the Java Heap may be blocking the growth of the native heap
# Possible solutions:
#   Reduce memory load on the system
#   Increase physical memory or swap space
#   Check if swap backing store is full
#   Decrease Java heap size (-Xmx/-Xms)
#   Decrease number of Java threads
#   Decrease Java thread stack sizes (-Xss)
#   Set larger code cache with -XX:ReservedCodeCacheSize=
#   JVM is running with Unscaled Compressed Oops mode in which the Java heap is
#     placed in the first 4GB address space. The Java Heap base address is the
#     maximum limit for the native heap growth. Please use -XX:HeapBaseMinAddress
#     to set the Java Heap base and to place the Java Heap above 4GB virtual address.
# This output file may be truncated or incomplete.
#
#  Out of Memory Error (virtualSpaceNode.cpp:110), pid=11340, tid=9384
#
# JRE version: Java(TM) SE Runtime Environment (17.0.2+8) (build 17.0.2+8-LTS-86)
# Java VM: Java HotSpot(TM) 64-Bit Server VM (17.0.2+8-LTS-86, mixed mode, tiered, compressed oops, compressed class ptrs, g1 gc, windows-amd64)
# No core dump will be written. Minidumps are not enabled by default on client versions of Windows
#

---------------  S U M M A R Y ------------

Command Line: -javaagent:C:\Users\haril\AppData\Local\JetBrains\IntelliJIdea2021.3\testAgent\intellij-coverage-agent-1.0.613.jar=C:\Users\haril\AppData\Local\Temp\coverage9args -Didea.new.sampling.coverage=true -Dcoverage.ignore.private.constructor.util.class=true -javaagent:C:\Program Files\JetBrains\IntelliJ IDEA 2021.3.2\lib\idea_rt.jar=64297:C:\Program Files\JetBrains\IntelliJ IDEA 2021.3.2\bin -Dfile.encoding=UTF-8 studentdatabaseapp.StudentDatabaseApp

Host: Intel(R) Core(TM) m3-8100Y CPU @ 1.10GHz, 4 cores, 3G,  Windows 11 , 64 bit Build 22000 (10.0.22000.434)
Time: Tue Mar 15 21:25:22 2022 Central Daylight Time elapsed time: 0.220993 seconds (0d 0h 0m 0s)

---------------  T H R E A D  ---------------

Current thread (0x000001fc2a32c8c0):  JavaThread "main" [_thread_in_vm, id=9384, stack(0x000000228c500000,0x000000228c600000)]

Stack: [0x000000228c500000,0x000000228c600000]
Native frames: (J=compiled Java code, j=interpreted, Vv=VM code, C=native code)
V  [jvm.dll+0x670baa]
V  [jvm.dll+0x7cfcb4]
V  [jvm.dll+0x7d145e]
V  [jvm.dll+0x7d1ac3]
V  [jvm.dll+0x242bc5]
V  [jvm.dll+0x7cbc5b]
V  [jvm.dll+0x616966]
V  [jvm.dll+0x6169ca]
V  [jvm.dll+0x6191da]
V  [jvm.dll+0x617306]
V  [jvm.dll+0x24068c]
V  [jvm.dll+0x6c706d]
V  [jvm.dll+0x6c7a9f]
V  [jvm.dll+0x36c4c3]
V  [jvm.dll+0x36b682]
V  [jvm.dll+0x36b628]
V  [jvm.dll+0x37b33a]
C  0x000001fc3338b6e4

Java frames: (J=compiled Java code, j=interpreted, Vv=VM code)
j  jdk.internal.loader.ClassLoaders.<clinit>()V+66 java.base
v  ~StubRoutines::call_stub
j  jdk.internal.loader.BootLoader.loadModule(Ljava/lang/module/ModuleReference;)V+0 java.base
j  jdk.internal.module.ModuleBootstrap.boot2()Ljava/lang/ModuleLayer;+352 java.base
j  jdk.internal.module.ModuleBootstrap.boot()Ljava/lang/ModuleLayer;+64 java.base
j  java.lang.System.initPhase2(ZZ)I+0 java.base
v  ~StubRoutines::call_stub

---------------  P R O C E S S  ---------------

Threads class SMR info:
_java_thread_list=0x000001fc47457270, length=10, elements={
0x000001fc2a32c8c0, 0x000001fc2a41e5d0, 0x000001fc2a4101f0, 0x000001fc4745aae0,
0x000001fc4745c4a0, 0x000001fc4745ce50, 0x000001fc4745d800, 0x000001fc4745e590,
0x000001fc4745f030, 0x000001fc4745fa20
}

Java Threads: ( => current thread )
=>0x000001fc2a32c8c0 JavaThread "main" [_thread_in_vm, id=9384, stack(0x000000228c500000,0x000000228c600000)]
  0x000001fc2a41e5d0 JavaThread "Reference Handler" daemon [_thread_blocked, id=11372, stack(0x000000228cc00000,0x000000228cd00000)]
  0x000001fc2a4101f0 JavaThread "Finalizer" daemon [_thread_blocked, id=9008, stack(0x000000228cd00000,0x000000228ce00000)]
  0x000001fc4745aae0 JavaThread "Signal Dispatcher" daemon [_thread_blocked, id=12108, stack(0x000000228ce00000,0x000000228cf00000)]
  0x000001fc4745c4a0 JavaThread "Attach Listener" daemon [_thread_blocked, id=5952, stack(0x000000228cf00000,0x000000228d000000)]
  0x000001fc4745ce50 JavaThread "Service Thread" daemon [_thread_blocked, id=5804, stack(0x000000228d000000,0x000000228d100000)]
  0x000001fc4745d800 JavaThread "Monitor Deflation Thread" daemon [_thread_blocked, id=3996, stack(0x000000228d100000,0x000000228d200000)]
  0x000001fc4745e590 JavaThread "C2 CompilerThread0" daemon [_thread_blocked, id=8180, stack(0x000000228d200000,0x000000228d300000)]
  0x000001fc4745f030 JavaThread "C1 CompilerThread0" daemon [_thread_blocked, id=8428, stack(0x000000228d300000,0x000000228d400000)]
  0x000001fc4745fa20 JavaThread "Sweeper thread" daemon [_thread_blocked, id=10208, stack(0x000000228d400000,0x000000228d500000)]

Other Threads:
  0x000001fc47473720 VMThread "VM Thread" [stack: 0x000000228cb00000,0x000000228cc00000] [id=2032]
  0x000001fc2a360680 GCTaskThread "GC Thread#0" [stack: 0x000000228c600000,0x000000228c700000] [id=7844]
  0x000001fc2a377bd0 ConcurrentGCThread "G1 Main Marker" [stack: 0x000000228c700000,0x000000228c800000] [id=12196]
  0x000001fc2a378d80 ConcurrentGCThread "G1 Conc#0" [stack: 0x000000228c800000,0x000000228c900000] [id=7684]
  0x000001fc2a3bb110 ConcurrentGCThread "G1 Refine#0" [stack: 0x000000228c900000,0x000000228ca00000] [id=7356]
  0x000001fc2a3bbb30 ConcurrentGCThread "G1 Service" [stack: 0x000000228ca00000,0x000000228cb00000] [id=9204]

Threads with active compile tasks:

VM state: not at safepoint (normal execution)

VM Mutex/Monitor currently owned by a thread:  ([mutex/lock_event])
[0x000001fc2a338c20] Metaspace_lock - owner thread: 0x000001fc2a32c8c0

Heap address: 0x00000000c2200000, size: 990 MB, Compressed Oops mode: 32-bit

CDS archive(s) not mapped
Compressed class space mapped at: 0x0000000100000000-0x0000000140000000, reserved size: 1073741824
Narrow klass base: 0x0000000000000000, Narrow klass shift: 3, Narrow klass range: 0x140000000

GC Precious Log:
 CPUs: 4 total, 4 available
 Memory: 3955M
 Large Page Support: Disabled
 NUMA Support: Disabled
 Compressed Oops: Enabled (32-bit)
 Heap Region Size: 1M
 Heap Min Capacity: 8M
 Heap Initial Capacity: 62M
 Heap Max Capacity: 990M
 Pre-touch: Disabled
 Parallel Workers: 4
 Concurrent Workers: 1
 Concurrent Refinement Workers: 4
 Periodic GC: Disabled

Heap:
 garbage-first heap   total 63488K, used 0K [0x00000000c2200000, 0x0000000100000000)
  region size 1024K, 1 young (1024K), 0 survivors (0K)
 Metaspace       used 3042K, committed 3072K, reserved 1056768K
  class space    used 226K, committed 256K, reserved 1048576K

Heap Regions: E=young(eden), S=young(survivor), O=old, HS=humongous(starts), HC=humongous(continues), CS=collection set, F=free, OA=open archive, CA=closed archive, TAMS=top-at-mark-start (previous, next)
|   0|0x00000000c2200000, 0x00000000c2200000, 0x00000000c2300000|  0%| F|  |TAMS 0x00000000c2200000, 0x00000000c2200000| Untracked 
|   1|0x00000000c2300000, 0x00000000c2300000, 0x00000000c2400000|  0%| F|  |TAMS 0x00000000c2300000, 0x00000000c2300000| Untracked 
|   2|0x00000000c2400000, 0x00000000c2400000, 0x00000000c2500000|  0%| F|  |TAMS 0x00000000c2400000, 0x00000000c2400000| Untracked 
|   3|0x00000000c2500000, 0x00000000c2500000, 0x00000000c2600000|  0%| F|  |TAMS 0x00000000c2500000, 0x00000000c2500000| Untracked 
|   4|0x00000000c2600000, 0x00000000c2600000, 0x00000000c2700000|  0%| F|  |TAMS 0x00000000c2600000, 0x00000000c2600000| Untracked 
|   5|0x00000000c2700000, 0x00000000c2700000, 0x00000000c2800000|  0%| F|  |TAMS 0x00000000c2700000, 0x00000000c2700000| Untracked 
|   6|0x00000000c2800000, 0x00000000c2800000, 0x00000000c2900000|  0%| F|  |TAMS 0x00000000c2800000, 0x00000000c2800000| Untracked 
|   7|0x00000000c2900000, 0x00000000c2900000, 0x00000000c2a00000|  0%| F|  |TAMS 0x00000000c2900000, 0x00000000c2900000| Untracked 
|   8|0x00000000c2a00000, 0x00000000c2a00000, 0x00000000c2b00000|  0%| F|  |TAMS 0x00000000c2a00000, 0x00000000c2a00000| Untracked 
|   9|0x00000000c2b00000, 0x00000000c2b00000, 0x00000000c2c00000|  0%| F|  |TAMS 0x00000000c2b00000, 0x00000000c2b00000| Untracked 
|  10|0x00000000c2c00000, 0x00000000c2c00000, 0x00000000c2d00000|  0%| F|  |TAMS 0x00000000c2c00000, 0x00000000c2c00000| Untracked 
|  11|0x00000000c2d00000, 0x00000000c2d00000, 0x00000000c2e00000|  0%| F|  |TAMS 0x00000000c2d00000, 0x00000000c2d00000| Untracked 
|  12|0x00000000c2e00000, 0x00000000c2e00000, 0x00000000c2f00000|  0%| F|  |TAMS 0x00000000c2e00000, 0x00000000c2e00000| Untracked 
|  13|0x00000000c2f00000, 0x00000000c2f00000, 0x00000000c3000000|  0%| F|  |TAMS 0x00000000c2f00000, 0x00000000c2f00000| Untracked 
|  14|0x00000000c3000000, 0x00000000c3000000, 0x00000000c3100000|  0%| F|  |TAMS 0x00000000c3000000, 0x00000000c3000000| Untracked 
|  15|0x00000000c3100000, 0x00000000c3100000, 0x00000000c3200000|  0%| F|  |TAMS 0x00000000c3100000, 0x00000000c3100000| Untracked 
|  16|0x00000000c3200000, 0x00000000c3200000, 0x00000000c3300000|  0%| F|  |TAMS 0x00000000c3200000, 0x00000000c3200000| Untracked 
|  17|0x00000000c3300000, 0x00000000c3300000, 0x00000000c3400000|  0%| F|  |TAMS 0x00000000c3300000, 0x00000000c3300000| Untracked 
|  18|0x00000000c3400000, 0x00000000c3400000, 0x00000000c3500000|  0%| F|  |TAMS 0x00000000c3400000, 0x00000000c3400000| Untracked 
|  19|0x00000000c3500000, 0x00000000c3500000, 0x00000000c3600000|  0%| F|  |TAMS 0x00000000c3500000, 0x00000000c3500000| Untracked 
|  20|0x00000000c3600000, 0x00000000c3600000, 0x00000000c3700000|  0%| F|  |TAMS 0x00000000c3600000, 0x00000000c3600000| Untracked 
|  21|0x00000000c3700000, 0x00000000c3700000, 0x00000000c3800000|  0%| F|  |TAMS 0x00000000c3700000, 0x00000000c3700000| Untracked 
|  22|0x00000000c3800000, 0x00000000c3800000, 0x00000000c3900000|  0%| F|  |TAMS 0x00000000c3800000, 0x00000000c3800000| Untracked 
|  23|0x00000000c3900000, 0x00000000c3900000, 0x00000000c3a00000|  0%| F|  |TAMS 0x00000000c3900000, 0x00000000c3900000| Untracked 
|  24|0x00000000c3a00000, 0x00000000c3a00000, 0x00000000c3b00000|  0%| F|  |TAMS 0x00000000c3a00000, 0x00000000c3a00000| Untracked 
|  25|0x00000000c3b00000, 0x00000000c3b00000, 0x00000000c3c00000|  0%| F|  |TAMS 0x00000000c3b00000, 0x00000000c3b00000| Untracked 
|  26|0x00000000c3c00000, 0x00000000c3c00000, 0x00000000c3d00000|  0%| F|  |TAMS 0x00000000c3c00000, 0x00000000c3c00000| Untracked 
|  27|0x00000000c3d00000, 0x00000000c3d00000, 0x00000000c3e00000|  0%| F|  |TAMS 0x00000000c3d00000, 0x00000000c3d00000| Untracked 
|  28|0x00000000c3e00000, 0x00000000c3e00000, 0x00000000c3f00000|  0%| F|  |TAMS 0x00000000c3e00000, 0x00000000c3e00000| Untracked 
|  29|0x00000000c3f00000, 0x00000000c3f00000, 0x00000000c4000000|  0%| F|  |TAMS 0x00000000c3f00000, 0x00000000c3f00000| Untracked 
|  30|0x00000000c4000000, 0x00000000c4000000, 0x00000000c4100000|  0%| F|  |TAMS 0x00000000c4000000, 0x00000000c4000000| Untracked 
|  31|0x00000000c4100000, 0x00000000c4100000, 0x00000000c4200000|  0%| F|  |TAMS 0x00000000c4100000, 0x00000000c4100000| Untracked 
|  32|0x00000000c4200000, 0x00000000c4200000, 0x00000000c4300000|  0%| F|  |TAMS 0x00000000c4200000, 0x00000000c4200000| Untracked 
|  33|0x00000000c4300000, 0x00000000c4300000, 0x00000000c4400000|  0%| F|  |TAMS 0x00000000c4300000, 0x00000000c4300000| Untracked 
|  34|0x00000000c4400000, 0x00000000c4400000, 0x00000000c4500000|  0%| F|  |TAMS 0x00000000c4400000, 0x00000000c4400000| Untracked 
|  35|0x00000000c4500000, 0x00000000c4500000, 0x00000000c4600000|  0%| F|  |TAMS 0x00000000c4500000, 0x00000000c4500000| Untracked 
|  36|0x00000000c4600000, 0x00000000c4600000, 0x00000000c4700000|  0%| F|  |TAMS 0x00000000c4600000, 0x00000000c4600000| Untracked 
|  37|0x00000000c4700000, 0x00000000c4700000, 0x00000000c4800000|  0%| F|  |TAMS 0x00000000c4700000, 0x00000000c4700000| Untracked 
|  38|0x00000000c4800000, 0x00000000c4800000, 0x00000000c4900000|  0%| F|  |TAMS 0x00000000c4800000, 0x00000000c4800000| Untracked 
|  39|0x00000000c4900000, 0x00000000c4900000, 0x00000000c4a00000|  0%| F|  |TAMS 0x00000000c4900000, 0x00000000c4900000| Untracked 
|  40|0x00000000c4a00000, 0x00000000c4a00000, 0x00000000c4b00000|  0%| F|  |TAMS 0x00000000c4a00000, 0x00000000c4a00000| Untracked 
|  41|0x00000000c4b00000, 0x00000000c4b00000, 0x00000000c4c00000|  0%| F|  |TAMS 0x00000000c4b00000, 0x00000000c4b00000| Untracked 
|  42|0x00000000c4c00000, 0x00000000c4c00000, 0x00000000c4d00000|  0%| F|  |TAMS 0x00000000c4c00000, 0x00000000c4c00000| Untracked 
|  43|0x00000000c4d00000, 0x00000000c4d00000, 0x00000000c4e00000|  0%| F|  |TAMS 0x00000000c4d00000, 0x00000000c4d00000| Untracked 
|  44|0x00000000c4e00000, 0x00000000c4e00000, 0x00000000c4f00000|  0%| F|  |TAMS 0x00000000c4e00000, 0x00000000c4e00000| Untracked 
|  45|0x00000000c4f00000, 0x00000000c4f00000, 0x00000000c5000000|  0%| F|  |TAMS 0x00000000c4f00000, 0x00000000c4f00000| Untracked 
|  46|0x00000000c5000000, 0x00000000c5000000, 0x00000000c5100000|  0%| F|  |TAMS 0x00000000c5000000, 0x00000000c5000000| Untracked 
|  47|0x00000000c5100000, 0x00000000c5100000, 0x00000000c5200000|  0%| F|  |TAMS 0x00000000c5100000, 0x00000000c5100000| Untracked 
|  48|0x00000000c5200000, 0x00000000c5200000, 0x00000000c5300000|  0%| F|  |TAMS 0x00000000c5200000, 0x00000000c5200000| Untracked 
|  49|0x00000000c5300000, 0x00000000c5300000, 0x00000000c5400000|  0%| F|  |TAMS 0x00000000c5300000, 0x00000000c5300000| Untracked 
|  50|0x00000000c5400000, 0x00000000c5400000, 0x00000000c5500000|  0%| F|  |TAMS 0x00000000c5400000, 0x00000000c5400000| Untracked 
|  51|0x00000000c5500000, 0x00000000c5500000, 0x00000000c5600000|  0%| F|  |TAMS 0x00000000c5500000, 0x00000000c5500000| Untracked 
|  52|0x00000000c5600000, 0x00000000c5600000, 0x00000000c5700000|  0%| F|  |TAMS 0x00000000c5600000, 0x00000000c5600000| Untracked 
|  53|0x00000000c5700000, 0x00000000c5700000, 0x00000000c5800000|  0%| F|  |TAMS 0x00000000c5700000, 0x00000000c5700000| Untracked 
|  54|0x00000000c5800000, 0x00000000c5800000, 0x00000000c5900000|  0%| F|  |TAMS 0x00000000c5800000, 0x00000000c5800000| Untracked 
|  55|0x00000000c5900000, 0x00000000c5900000, 0x00000000c5a00000|  0%| F|  |TAMS 0x00000000c5900000, 0x00000000c5900000| Untracked 
|  56|0x00000000c5a00000, 0x00000000c5a00000, 0x00000000c5b00000|  0%| F|  |TAMS 0x00000000c5a00000, 0x00000000c5a00000| Untracked 
|  57|0x00000000c5b00000, 0x00000000c5b00000, 0x00000000c5c00000|  0%| F|  |TAMS 0x00000000c5b00000, 0x00000000c5b00000| Untracked 
|  58|0x00000000c5c00000, 0x00000000c5c00000, 0x00000000c5d00000|  0%| F|  |TAMS 0x00000000c5c00000, 0x00000000c5c00000| Untracked 
|  59|0x00000000c5d00000, 0x00000000c5d00000, 0x00000000c5e00000|  0%| F|  |TAMS 0x00000000c5d00000, 0x00000000c5d00000| Untracked 
|  60|0x00000000c5e00000, 0x00000000c5e00000, 0x00000000c5f00000|  0%| F|  |TAMS 0x00000000c5e00000, 0x00000000c5e00000| Untracked 
|  61|0x00000000c5f00000, 0x00000000c5fc7c40, 0x00000000c6000000| 78%| E|  |TAMS 0x00000000c5f00000, 0x00000000c5f00000| Complete 

Card table byte_map: [0x000001fc42ba0000,0x000001fc42d90000] _byte_map_base: 0x000001fc4258f000

Marking Bits (Prev, Next): (CMBitMap*) 0x000001fc2a36f6e0, (CMBitMap*) 0x000001fc2a36f720
 Prev Bits: [0x000001fc42f80000, 0x000001fc43ef8000)
 Next Bits: [0x000001fc43f00000, 0x000001fc44e78000)

Polling page: 0x000001fc33350000

Metaspace:

Usage:
  Non-class:      2.75 MB used.
      Class:    226.86 KB used.
       Both:      2.97 MB used.

Virtual space:
  Non-class space:        8.00 MB reserved,       2.75 MB ( 34%) committed,  1 nodes.
      Class space:        1.00 GB reserved,     256.00 KB ( <1%) committed,  1 nodes.
             Both:        1.01 GB reserved,       3.00 MB ( <1%) committed. 

Chunk freelists:
   Non-Class:  0 bytes
       Class:  3.75 MB
        Both:  3.75 MB

MaxMetaspaceSize: unlimited
CompressedClassSpaceSize: 1.00 GB
Initial GC threshold: 21.00 MB
Current GC threshold: 21.00 MB
CDS: off
MetaspaceReclaimPolicy: balanced
 - commit_granule_bytes: 65536.
 - commit_granule_words: 8192.
 - virtual_space_node_default_size: 1048576.
 - enlarge_chunks_in_place: 1.
 - new_chunks_are_fully_committed: 0.
 - uncommit_free_chunks: 1.
 - use_allocation_guard: 0.
 - handle_deallocations: 1.


Internal statistics:

num_allocs_failed_limit: 0.
num_arena_births: 2.
num_arena_deaths: 0.
num_vsnodes_births: 2.
num_vsnodes_deaths: 0.
num_space_committed: 48.
num_space_uncommitted: 0.
num_chunks_returned_to_freelist: 0.
num_chunks_taken_from_freelist: 3.
num_chunk_merges: 0.
num_chunk_splits: 1.
num_chunks_enlarged: 0.
num_purges: 0.
num_inconsistent_stats: 0.

CodeHeap 'non-profiled nmethods': size=120000Kb used=3Kb max_used=3Kb free=119996Kb
 bounds [0x000001fc3ae40000, 0x000001fc3b0b0000, 0x000001fc42370000]
CodeHeap 'profiled nmethods': size=120000Kb used=29Kb max_used=29Kb free=119970Kb
 bounds [0x000001fc33910000, 0x000001fc33b80000, 0x000001fc3ae40000]
CodeHeap 'non-nmethods': size=5760Kb used=1019Kb max_used=1034Kb free=4740Kb
 bounds [0x000001fc33370000, 0x000001fc335e0000, 0x000001fc33910000]
 total_blobs=295 nmethods=26 adapters=182
 compilation: enabled
              stopped_count=0, restarted_count=0
 full_count=0

Compilation events (20 events):
Event: 0.203 Thread 0x000001fc4745f030 nmethod 17 0x000001fc33914d90 code [0x000001fc33914f40, 0x000001fc33915178]
Event: 0.204 Thread 0x000001fc4745f030   18       3       java.util.Set::of (68 bytes)
Event: 0.205 Thread 0x000001fc4745f030 nmethod 18 0x000001fc33915290 code [0x000001fc339154c0, 0x000001fc33915cc8]
Event: 0.205 Thread 0x000001fc4745e590 nmethod 13 0x000001fc3ae40010 code [0x000001fc3ae40180, 0x000001fc3ae402f8]
Event: 0.206 Thread 0x000001fc4745e590   19       4       java.lang.Object::<init> (1 bytes)
Event: 0.206 Thread 0x000001fc4745e590 nmethod 19 0x000001fc3ae40410 code [0x000001fc3ae40580, 0x000001fc3ae405f8]
Event: 0.208 Thread 0x000001fc4745f030   20       3       java.lang.String::coder (15 bytes)
Event: 0.209 Thread 0x000001fc4745f030 nmethod 20 0x000001fc33915f90 code [0x000001fc33916120, 0x000001fc33916258]
Event: 0.209 Thread 0x000001fc4745f030   21       1       java.lang.module.ModuleDescriptor::name (5 bytes)
Event: 0.209 Thread 0x000001fc4745f030 nmethod 21 0x000001fc3ae40710 code [0x000001fc3ae408a0, 0x000001fc3ae40978]
Event: 0.209 Thread 0x000001fc4745f030   22       3       java.lang.String::length (11 bytes)
Event: 0.209 Thread 0x000001fc4745f030 nmethod 22 0x000001fc33916310 code [0x000001fc339164a0, 0x000001fc33916638]
Event: 0.209 Thread 0x000001fc4745f030   23       3       java.lang.String::isLatin1 (19 bytes)
Event: 0.210 Thread 0x000001fc4745f030 nmethod 23 0x000001fc33916710 code [0x000001fc339168a0, 0x000001fc33916a18]
Event: 0.210 Thread 0x000001fc4745f030   24       1       java.lang.module.ModuleReference::descriptor (5 bytes)
Event: 0.210 Thread 0x000001fc4745f030 nmethod 24 0x000001fc3ae40a10 code [0x000001fc3ae40ba0, 0x000001fc3ae40c78]
Event: 0.210 Thread 0x000001fc4745f030   25       3       java.lang.String::charAt (25 bytes)
Event: 0.210 Thread 0x000001fc4745f030 nmethod 25 0x000001fc33916a90 code [0x000001fc33916c60, 0x000001fc33917038]
Event: 0.210 Thread 0x000001fc4745f030   26       3       java.lang.StringLatin1::charAt (28 bytes)
Event: 0.211 Thread 0x000001fc4745f030 nmethod 26 0x000001fc33917190 code [0x000001fc33917340, 0x000001fc33917548]

GC Heap History (0 events):
No events

Deoptimization events (0 events):
No events

Classes unloaded (0 events):
No events

Classes redefined (0 events):
No events

Internal exceptions (0 events):
No events

VM Operations (0 events):
No events

Events (20 events):
Event: 0.209 loading class java/lang/module/ModuleFinder done
Event: 0.209 loading class jdk/internal/module/SystemModuleFinders$SystemModuleFinder done
Event: 0.210 loading class java/util/Optional
Event: 0.210 loading class java/util/Optional done
Event: 0.210 loading class jdk/internal/loader/BootLoader
Event: 0.210 loading class jdk/internal/loader/BootLoader done
Event: 0.211 loading class jdk/internal/loader/NativeLibraries
Event: 0.211 loading class jdk/internal/loader/NativeLibraries done
Event: 0.211 loading class jdk/internal/loader/ClassLoaderHelper
Event: 0.211 loading class jdk/internal/loader/ClassLoaderHelper done
Event: 0.211 loading class java/util/ArrayDeque
Event: 0.211 loading class java/util/Deque
Event: 0.211 loading class java/util/Queue
Event: 0.211 loading class java/util/Queue done
Event: 0.211 loading class java/util/Deque done
Event: 0.212 loading class java/util/ArrayDeque done
Event: 0.212 loading class jdk/internal/loader/ArchivedClassLoaders
Event: 0.212 loading class jdk/internal/loader/ArchivedClassLoaders done
Event: 0.212 loading class jdk/internal/loader/URLClassPath
Event: 0.212 loading class jdk/internal/loader/URLClassPath done


Dynamic libraries:
0x00007ff694c50000 - 0x00007ff694c60000 	C:\Program Files\Java\jdk-17.0.2\bin\java.exe
0x00007fffd1b20000 - 0x00007fffd1d29000 	C:\WINDOWS\SYSTEM32\ntdll.dll
0x00007fffd0ba0000 - 0x00007fffd0c5d000 	C:\WINDOWS\System32\KERNEL32.DLL
0x00007fffcf010000 - 0x00007fffcf384000 	C:\WINDOWS\System32\KERNELBASE.dll
0x00007fffcf710000 - 0x00007fffcf821000 	C:\WINDOWS\System32\ucrtbase.dll
0x00007fffc7370000 - 0x00007fffc7388000 	C:\Program Files\Java\jdk-17.0.2\bin\jli.dll
0x00007fffcfb40000 - 0x00007fffcfbee000 	C:\WINDOWS\System32\ADVAPI32.dll
0x00007fffd0af0000 - 0x00007fffd0b93000 	C:\WINDOWS\System32\msvcrt.dll
0x00007fffd0c60000 - 0x00007fffd0cfe000 	C:\WINDOWS\System32\sechost.dll
0x00007fffcfcd0000 - 0x00007fffcfdf0000 	C:\WINDOWS\System32\RPCRT4.dll
0x00007fffd1750000 - 0x00007fffd18fc000 	C:\WINDOWS\System32\USER32.dll
0x00007fffcf620000 - 0x00007fffcf646000 	C:\WINDOWS\System32\win32u.dll
0x00007fffd05a0000 - 0x00007fffd05c9000 	C:\WINDOWS\System32\GDI32.dll
0x00007fffcf830000 - 0x00007fffcf942000 	C:\WINDOWS\System32\gdi32full.dll
0x00007fffcf390000 - 0x00007fffcf42d000 	C:\WINDOWS\System32\msvcp_win.dll
0x00007fffbed80000 - 0x00007fffbf025000 	C:\WINDOWS\WinSxS\amd64_microsoft.windows.common-controls_6595b64144ccf1df_6.0.22000.120_none_9d947278b86cc467\COMCTL32.dll
0x00007fffc45c0000 - 0x00007fffc45ca000 	C:\WINDOWS\SYSTEM32\VERSION.dll
0x00007fffc50a0000 - 0x00007fffc50ba000 	C:\Program Files\Java\jdk-17.0.2\bin\VCRUNTIME140.dll
0x00007fffd1170000 - 0x00007fffd11a1000 	C:\WINDOWS\System32\IMM32.DLL
0x00007fffc5090000 - 0x00007fffc509c000 	C:\Program Files\Java\jdk-17.0.2\bin\vcruntime140_1.dll
0x00007fffc12f0000 - 0x00007fffc137d000 	C:\Program Files\Java\jdk-17.0.2\bin\msvcp140.dll
0x00007fff9f8a0000 - 0x00007fffa0461000 	C:\Program Files\Java\jdk-17.0.2\bin\server\jvm.dll
0x00007fffd1900000 - 0x00007fffd1908000 	C:\WINDOWS\System32\PSAPI.DLL
0x00007fffa6f50000 - 0x00007fffa6f59000 	C:\WINDOWS\SYSTEM32\WSOCK32.dll
0x00007fffcf9c0000 - 0x00007fffcfa2f000 	C:\WINDOWS\System32\WS2_32.dll
0x00007fffc6c40000 - 0x00007fffc6c73000 	C:\WINDOWS\SYSTEM32\WINMM.dll
0x00007fffce110000 - 0x00007fffce128000 	C:\WINDOWS\SYSTEM32\kernel.appcore.dll
0x00007fffc5080000 - 0x00007fffc508a000 	C:\Program Files\Java\jdk-17.0.2\bin\jimage.dll
0x00007fffc9ad0000 - 0x00007fffc9cf1000 	C:\WINDOWS\SYSTEM32\DBGHELP.DLL
0x00007fffc4e40000 - 0x00007fffc4e71000 	C:\WINDOWS\SYSTEM32\dbgcore.DLL
0x00007fffcf430000 - 0x00007fffcf4af000 	C:\WINDOWS\System32\bcryptPrimitives.dll
0x00007fffc5070000 - 0x00007fffc507e000 	C:\Program Files\Java\jdk-17.0.2\bin\instrument.dll
0x00007fffc4f80000 - 0x00007fffc4fa5000 	C:\Program Files\Java\jdk-17.0.2\bin\java.dll
0x00007fffc5050000 - 0x00007fffc5068000 	C:\Program Files\Java\jdk-17.0.2\bin\zip.dll
0x00007fffc0b30000 - 0x00007fffc0c06000 	C:\Program Files\Java\jdk-17.0.2\bin\jsvml.dll
0x00007fffcfdf0000 - 0x00007fffd059e000 	C:\WINDOWS\System32\SHELL32.dll
0x00007fffcd180000 - 0x00007fffcd9e8000 	C:\WINDOWS\SYSTEM32\windows.storage.dll
0x00007fffd13d0000 - 0x00007fffd1748000 	C:\WINDOWS\System32\combase.dll
0x00007fffcd010000 - 0x00007fffcd176000 	C:\WINDOWS\SYSTEM32\wintypes.dll
0x00007fffcfa30000 - 0x00007fffcfb1a000 	C:\WINDOWS\System32\SHCORE.dll
0x00007fffd0760000 - 0x00007fffd07bd000 	C:\WINDOWS\System32\shlwapi.dll
0x00007fffcef40000 - 0x00007fffcef61000 	C:\WINDOWS\SYSTEM32\profapi.dll

dbghelp: loaded successfully - version: 4.0.5 - missing functions: none
symbol engine: initialized successfully - sym options: 0x614 - pdb path: .;C:\Program Files\Java\jdk-17.0.2\bin;C:\WINDOWS\SYSTEM32;C:\WINDOWS\WinSxS\amd64_microsoft.windows.common-controls_6595b64144ccf1df_6.0.22000.120_none_9d947278b86cc467;C:\Program Files\Java\jdk-17.0.2\bin\server

VM Arguments:
jvm_args: -javaagent:C:\Users\haril\AppData\Local\JetBrains\IntelliJIdea2021.3\testAgent\intellij-coverage-agent-1.0.613.jar=C:\Users\haril\AppData\Local\Temp\coverage9args -Didea.new.sampling.coverage=true -Dcoverage.ignore.private.constructor.util.class=true -javaagent:C:\Program Files\JetBrains\IntelliJ IDEA 2021.3.2\lib\idea_rt.jar=64297:C:\Program Files\JetBrains\IntelliJ IDEA 2021.3.2\bin -Dfile.encoding=UTF-8 
java_command: studentdatabaseapp.StudentDatabaseApp
java_class_path (initial): C:\Users\haril\IdeaProjects\Student Database Application\out\production\Student Database Application
Launcher Type: SUN_STANDARD

[Global flags]
     intx CICompilerCount                          = 3                                         {product} {ergonomic}
     uint ConcGCThreads                            = 1                                         {product} {ergonomic}
     uint G1ConcRefinementThreads                  = 4                                         {product} {ergonomic}
   size_t G1HeapRegionSize                         = 1048576                                   {product} {ergonomic}
    uintx GCDrainStackTargetSize                   = 64                                        {product} {ergonomic}
   size_t InitialHeapSize                          = 65011712                                  {product} {ergonomic}
   size_t MarkStackSize                            = 4194304                                   {product} {ergonomic}
   size_t MaxHeapSize                              = 1038090240                                {product} {ergonomic}
   size_t MaxNewSize                               = 622854144                                 {product} {ergonomic}
   size_t MinHeapDeltaBytes                        = 1048576                                   {product} {ergonomic}
   size_t MinHeapSize                              = 8388608                                   {product} {ergonomic}
    uintx NonNMethodCodeHeapSize                   = 5832780                                {pd product} {ergonomic}
    uintx NonProfiledCodeHeapSize                  = 122912730                              {pd product} {ergonomic}
    uintx ProfiledCodeHeapSize                     = 122912730                              {pd product} {ergonomic}
    uintx ReservedCodeCacheSize                    = 251658240                              {pd product} {ergonomic}
     bool SegmentedCodeCache                       = true                                      {product} {ergonomic}
   size_t SoftMaxHeapSize                          = 1038090240                             {manageable} {ergonomic}
     bool UseCompressedClassPointers               = true                           {product lp64_product} {ergonomic}
     bool UseCompressedOops                        = true                           {product lp64_product} {ergonomic}
     bool UseG1GC                                  = true                                      {product} {ergonomic}
     bool UseLargePagesIndividualAllocation        = false                                  {pd product} {ergonomic}

Logging:
Log output configuration:
 #0: stdout all=warning uptime,level,tags
 #1: stderr all=off uptime,level,tags

Environment Variables:
PATH=C:\Program Files\Common Files\Oracle\Java\javapath;C:\WINDOWS\system32;C:\WINDOWS;C:\WINDOWS\System32\Wbem;C:\WINDOWS\System32\WindowsPowerShell\v1.0\;C:\WINDOWS\System32\OpenSSH\;C:\Program Files\Git\cmd;C:\Users\haril\AppData\Local\Microsoft\WindowsApps;C:\Users\haril\AppData\Local\GitHubDesktop\bin;C:\Program Files\JetBrains\PyCharm Community Edition 2021.2\bin;;C:\Users\haril\AppData\Local\Programs\Microsoft VS Code\bin;
USERNAME=haril
OS=Windows_NT
PROCESSOR_IDENTIFIER=Intel64 Family 6 Model 142 Stepping 9, GenuineIntel



---------------  S Y S T E M  ---------------

OS:
 Windows 11 , 64 bit Build 22000 (10.0.22000.434)
OS uptime: 0 days 6:18 hours

CPU: total 4 (initial active 4) (2 cores per cpu, 2 threads per core) family 6 model 142 stepping 9 microcode 0xde, cx8, cmov, fxsr, ht, mmx, 3dnowpref, sse, sse2, sse3, ssse3, sse4.1, sse4.2, popcnt, lzcnt, tsc, tscinvbit, avx, avx2, aes, erms, clmul, bmi1, bmi2, adx, fma, vzeroupper, clflush, clflushopt

Memory: 4k page, system-wide physical 3955M (435M free)
TotalPageFile size 6040M (AvailPageFile size 1M)
current process WorkingSet (physical memory assigned to process): 24M, peak: 24M
current process commit charge ("private bytes"): 123M, peak: 128M

vm_info: Java HotSpot(TM) 64-Bit Server VM (17.0.2+8-LTS-86) for windows-amd64 JRE (17.0.2+8-LTS-86), built on Dec  7 2021 21:51:03 by "mach5one" with MS VC++ 16.8 / 16.9 (VS2019)

END.
